<?xml version="1.0" encoding="UTF-8"?>
<dataset>
    <AUTHORS AUTHOR_ID="1" AUTHOR_NAME="test" EXPIRED="2016-04-15 00:34:16"/>
    <AUTHORS AUTHOR_ID="2" AUTHOR_NAME="test" EXPIRED="2016-04-15 00:34:16"/>
    <NEWS NEWS_ID="1" TITLE="title1" SHORT_TEXT="test" FULL_TEXT="test"
          CREATION_DATE="2016-04-15 00:34:16" MODIFICATION_DATE="2016-04-14"/>
    <NEWS NEWS_ID="2" TITLE="title2" SHORT_TEXT="test" FULL_TEXT="test"
          CREATION_DATE="2016-04-15 00:34:16" MODIFICATION_DATE="2016-04-14"/>
    <NEWS NEWS_ID="3" TITLE="title3" SHORT_TEXT="test" FULL_TEXT="test"
          CREATION_DATE="2016-04-15 00:34:16" MODIFICATION_DATE="2016-04-14"/>
    <COMMENTS COMMENT_ID="1" NEWS_ID="1" COMMENT_TEXT="test" CREATION_DATE="2016-04-15 00:34:16"/>
    <COMMENTS COMMENT_ID="2" NEWS_ID="1" COMMENT_TEXT="test" CREATION_DATE="2016-04-15 00:34:16"/>
    <COMMENTS COMMENT_ID="3" NEWS_ID="3" COMMENT_TEXT="test" CREATION_DATE="2016-04-15 00:34:16"/>
    <COMMENTS COMMENT_ID="4" NEWS_ID="3" COMMENT_TEXT="test" CREATION_DATE="2016-04-15 00:34:16"/>
    <COMMENTS COMMENT_ID="5" NEWS_ID="3" COMMENT_TEXT="test" CREATION_DATE="2016-04-15 00:34:16"/>
    <NEWS_AUTHOR NEWS_ID="1" AUTHOR_ID="1"/>
    <NEWS_AUTHOR NEWS_ID="2" AUTHOR_ID="2"/>
    <NEWS_AUTHOR NEWS_ID="3" AUTHOR_ID="1"/>
    <TAGS TAG_ID="1" TAG_NAME="test"/>
    <TAGS TAG_ID="2" TAG_NAME="test"/>
    <TAGS TAG_ID="3" TAG_NAME="test"/>
    <NEWS_TAG NEWS_ID="1" TAG_ID="1"/>
    <NEWS_TAG NEWS_ID="1" TAG_ID="2"/>
    <NEWS_TAG NEWS_ID="2" TAG_ID="1"/>
    <NEWS_TAG NEWS_ID="3" TAG_ID="1"/>
    <NEWS_TAG NEWS_ID="3" TAG_ID="2"/>
    <ROLES ROLE_ID="1" ROLE_NAME="test"/>
    <ROLES ROLE_ID="2" ROLE_NAME="test"/>
    <USERS USER_ID="1" ROLE_ID="1" USER_NAME="test" LOGIN="test" PASSWORD="test"/>
</dataset>